Seed set to 42
[I 2024-12-15 01:31:29,860] Using an existing study with name 'Omega_afp' instead of creating a new one.
[I 2024-12-15 01:31:42,227] Trial 26 finished with value: 0.17446888983249664 and parameters: {'mlp_n_layers': 2, 'mlp_dim_00': 192, 'mlp_dim_01': 64, 'hidden_channels': 208, 'num_layers': 1, 'num_timesteps': 2, 'dropout': 0.05933453123638997, 'train_learning_rate': 0.0012812297144062024, 'train_lr_reduce': 0.6}. Best is trial 10 with value: 0.14727911353111267.
[I 2024-12-15 01:31:45,341] Trial 25 finished with value: 0.2350822538137436 and parameters: {'mlp_n_layers': 2, 'mlp_dim_00': 160, 'mlp_dim_01': 64, 'hidden_channels': 128, 'num_layers': 1, 'num_timesteps': 2, 'dropout': 0.011958817441623807, 'train_learning_rate': 0.0013656875276314873, 'train_lr_reduce': 0.6}. Best is trial 10 with value: 0.14727911353111267.
[I 2024-12-15 01:31:46,139] Trial 28 finished with value: 0.2161256968975067 and parameters: {'mlp_n_layers': 2, 'mlp_dim_00': 192, 'mlp_dim_01': 96, 'hidden_channels': 96, 'num_layers': 1, 'num_timesteps': 2, 'dropout': 0.04106477427198041, 'train_learning_rate': 0.0010224634813261015, 'train_lr_reduce': 0.6}. Best is trial 10 with value: 0.14727911353111267.
[I 2024-12-15 01:31:46,155] Trial 27 finished with value: 0.18339085578918457 and parameters: {'mlp_n_layers': 2, 'mlp_dim_00': 128, 'mlp_dim_01': 80, 'hidden_channels': 208, 'num_layers': 1, 'num_timesteps': 3, 'dropout': 0.021509482455060285, 'train_learning_rate': 0.0025806341459613403, 'train_lr_reduce': 0.6}. Best is trial 10 with value: 0.14727911353111267.
[I 2024-12-15 01:31:49,469] Trial 29 finished with value: 0.23601134121418 and parameters: {'mlp_n_layers': 2, 'mlp_dim_00': 208, 'mlp_dim_01': 112, 'hidden_channels': 48, 'num_layers': 2, 'num_timesteps': 1, 'dropout': 0.050791214601513576, 'train_learning_rate': 0.0009900830706221237, 'train_lr_reduce': 0.6}. Best is trial 10 with value: 0.14727911353111267.
[I 2024-12-15 01:31:50,728] Trial 30 finished with value: 0.209669291973114 and parameters: {'mlp_n_layers': 2, 'mlp_dim_00': 240, 'mlp_dim_01': 48, 'hidden_channels': 224, 'num_layers': 1, 'num_timesteps': 1, 'dropout': 0.03385605573002301, 'train_learning_rate': 0.0006067868147658979, 'train_lr_reduce': 0.6}. Best is trial 10 with value: 0.14727911353111267.
Traceback (most recent call last):
  File "/zhome/b1/0/88900/Documents/fair_gc/optuna_gnn.py", line 75, in <module>
    study, best_model, train_params, model_config = afp_hyperparameter_optimizer(
  File "/zhome/b1/0/88900/Documents/fair_gc/src/gnn_hyperopt.py", line 303, in afp_hyperparameter_optimizer
    study.optimize(objective, n_trials=n_trials, n_jobs=n_jobs)
  File "/zhome/b1/0/88900/miniconda3/envs/critprops/lib/python3.9/site-packages/optuna/study/study.py", line 475, in optimize
    _optimize(
  File "/zhome/b1/0/88900/miniconda3/envs/critprops/lib/python3.9/site-packages/optuna/study/_optimize.py", line 97, in _optimize
    completed, futures = wait(futures, return_when=FIRST_COMPLETED)
  File "/zhome/b1/0/88900/miniconda3/envs/critprops/lib/python3.9/concurrent/futures/_base.py", line 307, in wait
    waiter.event.wait(timeout)
  File "/zhome/b1/0/88900/miniconda3/envs/critprops/lib/python3.9/threading.py", line 581, in wait
    signaled = self._cond.wait(timeout)
  File "/zhome/b1/0/88900/miniconda3/envs/critprops/lib/python3.9/threading.py", line 312, in wait
    waiter.acquire()
KeyboardInterrupt
