Traceback (most recent call last):
  File "/zhome/b1/0/88900/Documents/fair_gc/groupgat_hyperopt.py", line 19, in <module>
    from src.features import  n_atom_features, n_bond_features
  File "/zhome/b1/0/88900/Documents/fair_gc/src/features.py", line 19, in <module>
    from torch_geometric.data import Data, Dataset
  File "/zhome/b1/0/88900/miniconda3/envs/critprops/lib/python3.9/site-packages/torch_geometric/__init__.py", line 9, in <module>
    import torch_geometric.data
  File "/zhome/b1/0/88900/miniconda3/envs/critprops/lib/python3.9/site-packages/torch_geometric/data/__init__.py", line 7, in <module>
    from .batch import Batch
  File "/zhome/b1/0/88900/miniconda3/envs/critprops/lib/python3.9/site-packages/torch_geometric/data/batch.py", line 12, in <module>
    from torch_geometric.data.dataset import IndexType
  File "/zhome/b1/0/88900/miniconda3/envs/critprops/lib/python3.9/site-packages/torch_geometric/data/dataset.py", line 23, in <module>
    from torch_geometric.io import fs
  File "/zhome/b1/0/88900/miniconda3/envs/critprops/lib/python3.9/site-packages/torch_geometric/io/__init__.py", line 1, in <module>
    from .txt_array import parse_txt_array, read_txt_array
  File "/zhome/b1/0/88900/miniconda3/envs/critprops/lib/python3.9/site-packages/torch_geometric/io/txt_array.py", line 3, in <module>
    import fsspec
  File "<frozen importlib._bootstrap>", line 1007, in _find_and_load
  File "<frozen importlib._bootstrap>", line 986, in _find_and_load_unlocked
  File "<frozen importlib._bootstrap>", line 680, in _load_unlocked
  File "<frozen importlib._bootstrap_external>", line 846, in exec_module
  File "<frozen importlib._bootstrap_external>", line 941, in get_code
  File "<frozen importlib._bootstrap_external>", line 1039, in get_data
KeyboardInterrupt
